This is pdfTeX, Version 3.141592653-2.6-1.40.22 (TeX Live 2022/dev/Debian) (preloaded format=pdflatex 2022.11.7)  15 NOV 2022 08:36
entering extended mode
 restricted \write18 enabled.
 %&-line parsing enabled.
**/home/faur/GroupWork/P5-courses/OOADI/plantuml/cd_UI.puml
(/home/faur/GroupWork/P5-courses/OOADI/plantuml/cd_UI.puml
LaTeX2e <2021-11-15> patch level 1
L3 programming layer <2022-01-21>

! LaTeX Error: Missing \begin{document}.

See the LaTeX manual or LaTeX Companion for explanation.
Type  H <return>  for immediate help.
 ...                                              
                                                  
l.1 @
     startuml
? 
! Emergency stop.
 ...                                              
                                                  
l.1 @
     startuml
You're in trouble here.  Try typing  <return>  to proceed.
If that doesn't work, type  X <return>  to quit.

 
Here is how much of TeX's memory you used:
 19 strings out of 478287
 669 string characters out of 5849289
 289006 words of memory out of 5000000
 18313 multiletter control sequences out of 15000+600000
 469259 words of font info for 28 fonts, out of 8000000 for 9000
 1141 hyphenation exceptions out of 8191
 13i,0n,12p,99b,14s stack positions out of 5000i,500n,10000p,200000b,80000s
!  ==> Fatal error occurred, no output PDF file produced!
